<?xml version="1.0" encoding="UTF-8"?>
<testng-results ignored="0" total="1" passed="1" failed="0" skipped="0">
  <reporter-output>
  </reporter-output>
  <suite started-at="2026-04-21T04:53:08 EAT" name="Surefire suite" finished-at="2026-04-21T04:53:27 EAT" duration-ms="18203">
    <groups>
    </groups>
    <test started-at="2026-04-21T04:53:08 EAT" name="Surefire test" finished-at="2026-04-21T04:53:27 EAT" duration-ms="18203">
      <class name="com.bank.tests.HomePageTest">
        <test-method is-config="true" signature="setup()[pri:0, instance:com.bank.tests.HomePageTest@1c72da34]" started-at="2026-04-21T04:53:08 EAT" name="setup" finished-at="2026-04-21T04:53:16 EAT" duration-ms="7604" status="PASS">
          <reporter-output>
          </reporter-output>
        </test-method> <!-- setup -->
        <test-method signature="verifyLogin()[pri:0, instance:com.bank.tests.HomePageTest@1c72da34]" started-at="2026-04-21T04:53:16 EAT" name="verifyLogin" finished-at="2026-04-21T04:53:26 EAT" duration-ms="10030" status="PASS">
          <reporter-output>
          </reporter-output>
        </test-method> <!-- verifyLogin -->
        <test-method is-config="true" signature="teardown()[pri:0, instance:com.bank.tests.HomePageTest@1c72da34]" started-at="2026-04-21T04:53:26 EAT" name="teardown" finished-at="2026-04-21T04:53:27 EAT" duration-ms="465" status="PASS">
          <reporter-output>
          </reporter-output>
        </test-method> <!-- teardown -->
      </class> <!-- com.bank.tests.HomePageTest -->
    </test> <!-- Surefire test -->
  </suite> <!-- Surefire suite -->
</testng-results>
